<?xml version="1.0" encoding="UTF-8"?>
<!-- Generated by org.testng.reporters.JUnitReportReporter -->
<testsuite skipped="0" hostname="DESKTOP-BOM3T3C" name="Main.Polynom2DegreeTest" tests="3" failures="0" timestamp="13 дек 2017 07:43:25 GMT" time="0.017" errors="0">
  <testcase name="solvePolynom" time="0.017" classname="Main.Polynom2DegreeTest"/>
  <testcase name="solvePolynom" time="0.000" classname="Main.Polynom2DegreeTest"/>
  <testcase name="solvePolynom" time="0.000" classname="Main.Polynom2DegreeTest"/>
</testsuite> <!-- Main.Polynom2DegreeTest -->
