<?xml version="1.0" encoding="UTF-8"?>
<!-- Generated by org.testng.reporters.JUnitReportReporter -->
<testsuite skipped="0" hostname="DESKTOP-BOM3T3C" name="MainScript.PolynomProcessorTest" tests="3" failures="0" timestamp="20 дек 2017 07:48:30 GMT" time="0.005" errors="0">
  <testcase name="solvePolynom" time="0.002" classname="MainScript.PolynomProcessorTest"/>
  <testcase name="solvePolynom" time="0.000" classname="MainScript.PolynomProcessorTest"/>
  <testcase name="getException" time="0.003" classname="MainScript.PolynomProcessorTest"/>
</testsuite> <!-- MainScript.PolynomProcessorTest -->
