<?xml version="1.0" encoding="UTF-8"?>
<!-- Generated by org.testng.reporters.JUnitReportReporter -->
<testsuite skipped="0" hostname="DESKTOP-BOM3T3C" name="TestingFunctions.TestingFunctions" tests="4" failures="0" timestamp="20 дек 2017 06:47:17 GMT" time="0.001" errors="0">
  <testcase name="FunctionWithDivision" time="0.000" classname="TestingFunctions.TestingFunctions"/>
  <testcase name="testingLinearFunctionMethods" time="0.000" classname="TestingFunctions.TestingFunctions"/>
  <testcase name="testingSinxFunctionMethods" time="0.001" classname="TestingFunctions.TestingFunctions"/>
  <testcase name="testingFunctionOfExp" time="0.000" classname="TestingFunctions.TestingFunctions"/>
</testsuite> <!-- TestingFunctions.TestingFunctions -->
