<?xml version="1.0" encoding="UTF-8"?>
<!-- Generated by org.testng.reporters.JUnitReportReporter -->
<testsuite skipped="0" hostname="DESKTOP-BOM3T3C" name="TestingFunctional.TestingSums" tests="3" failures="0" timestamp="20 дек 2017 06:47:17 GMT" time="0.002" errors="0">
  <testcase name="FunctionalWithDivision" time="0.001" classname="TestingFunctional.TestingSums"/>
  <testcase name="testingLinearFunctionalMethods" time="0.000" classname="TestingFunctional.TestingSums"/>
  <testcase name="testingFunctionalOfExp" time="0.001" classname="TestingFunctional.TestingSums"/>
</testsuite> <!-- TestingFunctional.TestingSums -->
