<?xml version="1.0" encoding="UTF-8"?>
<!-- Generated by org.testng.reporters.JUnitReportReporter -->
<testsuite skipped="0" hostname="DESKTOP-BOM3T3C" name="TestingFunctional.TestingIntegral" tests="4" failures="0" timestamp="20 дек 2017 06:47:17 GMT" time="1.339" errors="0">
  <testcase name="FunctionalWithDivision" time="0.082" classname="TestingFunctional.TestingIntegral"/>
  <testcase name="testingLinearFunctionalMethods" time="0.069" classname="TestingFunctional.TestingIntegral"/>
  <testcase name="testingFunctionalOfExp" time="0.720" classname="TestingFunctional.TestingIntegral"/>
  <testcase name="testingSinxFunctionalMethods" time="0.468" classname="TestingFunctional.TestingIntegral"/>
</testsuite> <!-- TestingFunctional.TestingIntegral -->
